[0m[1mazurerm_resource_group.main: Modifying... [id=/subscriptions/c79adf2b-9d2a-4e3e-95e8-ef51f2624216/resourceGroups/Azuredevops][0m[0m
[0m[1mazurerm_resource_group.main: Modifications complete after 1s [id=/subscriptions/c79adf2b-9d2a-4e3e-95e8-ef51f2624216/resourceGroups/Azuredevops][0m
[0m[1mazurerm_virtual_network.main: Creating...[0m[0m
[0m[1mazurerm_public_ip.main[0]: Creating...[0m[0m
[0m[1mazurerm_availability_set.main: Creating...[0m[0m
[0m[1mazurerm_public_ip.main[1]: Creating...[0m[0m
[0m[1mazurerm_network_security_group.main: Creating...[0m[0m
[0m[1mazurerm_availability_set.main: Creation complete after 1s [id=/subscriptions/c79adf2b-9d2a-4e3e-95e8-ef51f2624216/resourceGroups/Azuredevops/providers/Microsoft.Compute/availabilitySets/ud-avail-set][0m
[0m[1mazurerm_public_ip.main[0]: Creation complete after 2s [id=/subscriptions/c79adf2b-9d2a-4e3e-95e8-ef51f2624216/resourceGroups/Azuredevops/providers/Microsoft.Network/publicIPAddresses/ud-publicIp-0][0m
[0m[1mazurerm_network_security_group.main: Creation complete after 2s [id=/subscriptions/c79adf2b-9d2a-4e3e-95e8-ef51f2624216/resourceGroups/Azuredevops/providers/Microsoft.Network/networkSecurityGroups/ud-nsg][0m
[0m[1mazurerm_public_ip.main[1]: Creation complete after 3s [id=/subscriptions/c79adf2b-9d2a-4e3e-95e8-ef51f2624216/resourceGroups/Azuredevops/providers/Microsoft.Network/publicIPAddresses/ud-publicIp-1][0m
[0m[1mazurerm_virtual_network.main: Creation complete after 5s [id=/subscriptions/c79adf2b-9d2a-4e3e-95e8-ef51f2624216/resourceGroups/Azuredevops/providers/Microsoft.Network/virtualNetworks/ud-network][0m
[0m[1mazurerm_subnet.internal: Creating...[0m[0m
[0m[1mazurerm_subnet.internal: Creation complete after 5s [id=/subscriptions/c79adf2b-9d2a-4e3e-95e8-ef51f2624216/resourceGroups/Azuredevops/providers/Microsoft.Network/virtualNetworks/ud-network/subnets/ud-internal-subnet][0m
[0m[1mazurerm_subnet_network_security_group_association.main: Creating...[0m[0m
[0m[1mazurerm_network_interface.main[0]: Creating...[0m[0m
[0m[1mazurerm_network_interface.main[1]: Creating...[0m[0m
[0m[1mazurerm_lb.main: Creating...[0m[0m
[0m[1mazurerm_subnet_network_security_group_association.main: Creation complete after 5s [id=/subscriptions/c79adf2b-9d2a-4e3e-95e8-ef51f2624216/resourceGroups/Azuredevops/providers/Microsoft.Network/virtualNetworks/ud-network/subnets/ud-internal-subnet][0m
[0m[1mazurerm_lb.main: Creation complete after 5s [id=/subscriptions/c79adf2b-9d2a-4e3e-95e8-ef51f2624216/resourceGroups/Azuredevops/providers/Microsoft.Network/loadBalancers/ud-lb][0m
[0m[1mazurerm_lb_backend_address_pool.main: Creating...[0m[0m
[0m[1mazurerm_lb_probe.main: Creating...[0m[0m
[0m[1mazurerm_network_interface.main[1]: Still creating... [10s elapsed][0m[0m
[0m[1mazurerm_network_interface.main[0]: Still creating... [10s elapsed][0m[0m
[0m[1mazurerm_lb_probe.main: Still creating... [10s elapsed][0m[0m
[0m[1mazurerm_lb_backend_address_pool.main: Still creating... [10s elapsed][0m[0m
[0m[1mazurerm_lb_probe.main: Creation complete after 11s [id=/subscriptions/c79adf2b-9d2a-4e3e-95e8-ef51f2624216/resourceGroups/Azuredevops/providers/Microsoft.Network/loadBalancers/ud-lb/probes/http-probe][0m
[0m[1mazurerm_network_interface.main[1]: Creation complete after 16s [id=/subscriptions/c79adf2b-9d2a-4e3e-95e8-ef51f2624216/resourceGroups/Azuredevops/providers/Microsoft.Network/networkInterfaces/ud-nic-1][0m
[0m[1mazurerm_lb_backend_address_pool.main: Creation complete after 14s [id=/subscriptions/c79adf2b-9d2a-4e3e-95e8-ef51f2624216/resourceGroups/Azuredevops/providers/Microsoft.Network/loadBalancers/ud-lb/backendAddressPools/ud-lb-pool][0m
[0m[1mazurerm_lb_rule.main: Creating...[0m[0m
[0m[1mazurerm_network_interface.main[0]: Still creating... [20s elapsed][0m[0m
[0m[1mazurerm_lb_rule.main: Creation complete after 6s [id=/subscriptions/c79adf2b-9d2a-4e3e-95e8-ef51f2624216/resourceGroups/Azuredevops/providers/Microsoft.Network/loadBalancers/ud-lb/loadBalancingRules/http][0m
[0m[1mazurerm_network_interface.main[0]: Creation complete after 28s [id=/subscriptions/c79adf2b-9d2a-4e3e-95e8-ef51f2624216/resourceGroups/Azuredevops/providers/Microsoft.Network/networkInterfaces/ud-nic-0][0m
[0m[1mazurerm_network_interface_backend_address_pool_association.main[0]: Creating...[0m[0m
[0m[1mazurerm_network_interface_backend_address_pool_association.main[1]: Creating...[0m[0m
[0m[1mazurerm_linux_virtual_machine.main[0]: Creating...[0m[0m
[0m[1mazurerm_linux_virtual_machine.main[1]: Creating...[0m[0m
[0m[1mazurerm_network_interface_backend_address_pool_association.main[1]: Creation complete after 2s [id=/subscriptions/c79adf2b-9d2a-4e3e-95e8-ef51f2624216/resourceGroups/Azuredevops/providers/Microsoft.Network/networkInterfaces/ud-nic-1/ipConfigurations/internal|/subscriptions/c79adf2b-9d2a-4e3e-95e8-ef51f2624216/resourceGroups/Azuredevops/providers/Microsoft.Network/loadBalancers/ud-lb/backendAddressPools/ud-lb-pool][0m
[0m[1mazurerm_network_interface_backend_address_pool_association.main[0]: Creation complete after 3s [id=/subscriptions/c79adf2b-9d2a-4e3e-95e8-ef51f2624216/resourceGroups/Azuredevops/providers/Microsoft.Network/networkInterfaces/ud-nic-0/ipConfigurations/internal|/subscriptions/c79adf2b-9d2a-4e3e-95e8-ef51f2624216/resourceGroups/Azuredevops/providers/Microsoft.Network/loadBalancers/ud-lb/backendAddressPools/ud-lb-pool][0m
[0m[1mazurerm_linux_virtual_machine.main[0]: Still creating... [10s elapsed][0m[0m
[0m[1mazurerm_linux_virtual_machine.main[1]: Still creating... [10s elapsed][0m[0m
[0m[1mazurerm_linux_virtual_machine.main[1]: Still creating... [20s elapsed][0m[0m
[0m[1mazurerm_linux_virtual_machine.main[0]: Still creating... [20s elapsed][0m[0m
[0m[1mazurerm_linux_virtual_machine.main[0]: Still creating... [30s elapsed][0m[0m
[0m[1mazurerm_linux_virtual_machine.main[1]: Still creating... [30s elapsed][0m[0m
[0m[1mazurerm_linux_virtual_machine.main[1]: Still creating... [40s elapsed][0m[0m
[0m[1mazurerm_linux_virtual_machine.main[0]: Still creating... [40s elapsed][0m[0m
[0m[1mazurerm_linux_virtual_machine.main[1]: Creation complete after 47s [id=/subscriptions/c79adf2b-9d2a-4e3e-95e8-ef51f2624216/resourceGroups/Azuredevops/providers/Microsoft.Compute/virtualMachines/ud-vm-1][0m
[0m[1mazurerm_linux_virtual_machine.main[0]: Still creating... [50s elapsed][0m[0m
[0m[1mazurerm_linux_virtual_machine.main[0]: Still creating... [1m0s elapsed][0m[0m
[0m[1mazurerm_linux_virtual_machine.main[0]: Still creating... [1m10s elapsed][0m[0m
[0m[1mazurerm_linux_virtual_machine.main[0]: Creation complete after 1m18s [id=/subscriptions/c79adf2b-9d2a-4e3e-95e8-ef51f2624216/resourceGroups/Azuredevops/providers/Microsoft.Compute/virtualMachines/ud-vm-0][0m
[0m[1m[32m
Apply complete! Resources: 17 added, 1 changed, 0 destroyed.
[0m